<?xml version="1.0" encoding="UTF-8"?>
<!-- Generated by org.testng.reporters.JUnitXMLReporter -->
<testsuite ignored="0" hostname="Manul-W" failures="0" tests="4" name="Test on chrome" time="17.899" errors="0" timestamp="2021-08-28T05:17:12 IST">
  <testcase classname="framework.testCases.TC_LoginDDT_02" name="loginDDT" time="3.383"/>
  <testcase classname="framework.testCases.TC_LoginDDT_02" name="loginDDT" time="3.055"/>
  <testcase classname="framework.testCases.TC_LoginDDT_02" name="loginDDT" time="2.922"/>
  <testcase classname="framework.testCases.TC_LoginDDT_02" name="loginDDT" time="2.946"/>
</testsuite> <!-- Test on chrome -->
