<?xml version="1.0" encoding="UTF-8"?>
<testng-results ignored="0" total="5" passed="5" failed="0" skipped="0">
  <reporter-output>
  </reporter-output>
  <suite started-at="2021-08-28T05:28:51 IST" name="SeleniumJava.Hybridframework" finished-at="2021-08-28T05:29:25 IST" duration-ms="33560">
    <groups>
    </groups>
    <test started-at="2021-08-28T05:28:51 IST" name="Test on chrome" finished-at="2021-08-28T05:29:25 IST" duration-ms="33560">
      <class name="framework.testCases.TC_LoginDDT_02">
        <test-method is-config="true" signature="setup(java.lang.String)[pri:0, instance:framework.testCases.TC_LoginDDT_02@3c407114]" started-at="2021-08-28T05:28:59 IST" name="setup" finished-at="2021-08-28T05:29:02 IST" duration-ms="3061" status="PASS">
          <params>
            <param index="0">
              <value>
                <![CDATA[chrome]]>
              </value>
            </param>
          </params>
          <reporter-output>
          </reporter-output>
        </test-method> <!-- setup -->
        <test-method signature="loginDDT(java.lang.String,java.lang.String)[pri:0, instance:framework.testCases.TC_LoginDDT_02@3c407114]" started-at="2021-08-28T05:29:03 IST" name="loginDDT" data-provider="LoginData" finished-at="2021-08-28T05:29:13 IST" duration-ms="9839" status="PASS">
          <params>
            <param index="0">
              <value>
                <![CDATA[ichiro@example.com]]>
              </value>
            </param>
            <param index="1">
              <value>
                <![CDATA[password]]>
              </value>
            </param>
          </params>
          <reporter-output>
          </reporter-output>
        </test-method> <!-- loginDDT -->
        <test-method signature="loginDDT(java.lang.String,java.lang.String)[pri:0, instance:framework.testCases.TC_LoginDDT_02@3c407114]" started-at="2021-08-28T05:29:13 IST" name="loginDDT" data-provider="LoginData" finished-at="2021-08-28T05:29:17 IST" duration-ms="4027" status="PASS">
          <params>
            <param index="0">
              <value>
                <![CDATA[sakura@example.com]]>
              </value>
            </param>
            <param index="1">
              <value>
                <![CDATA[pass1234]]>
              </value>
            </param>
          </params>
          <reporter-output>
          </reporter-output>
        </test-method> <!-- loginDDT -->
        <test-method signature="loginDDT(java.lang.String,java.lang.String)[pri:0, instance:framework.testCases.TC_LoginDDT_02@3c407114]" started-at="2021-08-28T05:29:17 IST" name="loginDDT" data-provider="LoginData" finished-at="2021-08-28T05:29:21 IST" duration-ms="3987" status="PASS">
          <params>
            <param index="0">
              <value>
                <![CDATA[jun@example.com]]>
              </value>
            </param>
            <param index="1">
              <value>
                <![CDATA[pa55w0rd!]]>
              </value>
            </param>
          </params>
          <reporter-output>
          </reporter-output>
        </test-method> <!-- loginDDT -->
        <test-method signature="loginDDT(java.lang.String,java.lang.String)[pri:0, instance:framework.testCases.TC_LoginDDT_02@3c407114]" started-at="2021-08-28T05:29:21 IST" name="loginDDT" data-provider="LoginData" finished-at="2021-08-28T05:29:24 IST" duration-ms="3964" status="PASS">
          <params>
            <param index="0">
              <value>
                <![CDATA[yoshiki@example.com]]>
              </value>
            </param>
            <param index="1">
              <value>
                <![CDATA[pass-pass]]>
              </value>
            </param>
          </params>
          <reporter-output>
          </reporter-output>
        </test-method> <!-- loginDDT -->
        <test-method is-config="true" signature="tearDown()[pri:0, instance:framework.testCases.TC_LoginDDT_02@3c407114]" started-at="2021-08-28T05:29:24 IST" name="tearDown" finished-at="2021-08-28T05:29:25 IST" duration-ms="422" status="PASS">
          <reporter-output>
          </reporter-output>
        </test-method> <!-- tearDown -->
      </class> <!-- framework.testCases.TC_LoginDDT_02 -->
      <class name="framework.testCases.TC_LoginTest_01">
        <test-method is-config="true" signature="setup(java.lang.String)[pri:0, instance:framework.testCases.TC_LoginTest_01@1cbbffcd]" started-at="2021-08-28T05:28:52 IST" name="setup" finished-at="2021-08-28T05:28:55 IST" duration-ms="3829" status="PASS">
          <params>
            <param index="0">
              <value>
                <![CDATA[chrome]]>
              </value>
            </param>
          </params>
          <reporter-output>
          </reporter-output>
        </test-method> <!-- setup -->
        <test-method signature="loginTest()[pri:0, instance:framework.testCases.TC_LoginTest_01@1cbbffcd]" started-at="2021-08-28T05:28:56 IST" name="loginTest" finished-at="2021-08-28T05:28:58 IST" duration-ms="2758" status="PASS">
          <reporter-output>
          </reporter-output>
        </test-method> <!-- loginTest -->
        <test-method is-config="true" signature="tearDown()[pri:0, instance:framework.testCases.TC_LoginTest_01@1cbbffcd]" started-at="2021-08-28T05:28:58 IST" name="tearDown" finished-at="2021-08-28T05:28:59 IST" duration-ms="365" status="PASS">
          <reporter-output>
          </reporter-output>
        </test-method> <!-- tearDown -->
      </class> <!-- framework.testCases.TC_LoginTest_01 -->
    </test> <!-- Test on chrome -->
  </suite> <!-- SeleniumJava.Hybridframework -->
</testng-results>
